This file contains any messages produced by compilers while
running configure, to aid debugging if configure makes a mistake.

It was created by configure, which was
generated by GNU Autoconf 2.57.  Invocation command line was

  $ ./configure --build=i386-linux --host=i386-linux --target=i386-linux CC=gcc CFLAGS= -O0 -g3 -Wall  CPPFLAGS= CPP=cpp CXX=g++ LDFLAGS=-L../../triolnxlib build_alias=i386-linux host_alias=i386-linux target_alias=i386-linux --prefix /usr/local --no-create --no-recursion

## --------- ##
## Platform. ##
## --------- ##

hostname = mpn-lms
uname -m = i686
uname -r = 2.4.20-20.9
uname -s = Linux
uname -v = #1 Mon Aug 18 11:45:58 EDT 2003

/usr/bin/uname -p = unknown
/bin/uname -X     = unknown

/bin/arch              = i686
/usr/bin/arch -k       = unknown
/usr/convex/getsysinfo = unknown
hostinfo               = unknown
/bin/machine           = unknown
/usr/bin/oslevel       = unknown
/bin/universe          = unknown

PATH: /usr/local/bin
PATH: /usr/bin
PATH: /bin
PATH: /usr/X11R6/bin
PATH: /home/lms/bin


## ----------- ##
## Core tests. ##
## ----------- ##

configure:1643: checking build system type
configure:1661: result: i386-pc-linux-gnu
configure:1669: checking host system type
configure:1683: result: i386-pc-linux-gnu
configure:1691: checking target system type
configure:1705: result: i386-pc-linux-gnu
configure:1751: checking for a BSD-compatible install
configure:1805: result: /usr/bin/install -c
configure:1820: checking for -p flag to install
configure:1833: result: yes
configure:1844: checking whether build environment is sane
configure:1887: result: yes
configure:1907: checking for gawk
configure:1923: found /usr/bin/gawk
configure:1933: result: gawk
configure:1943: checking whether make sets $(MAKE)
configure:1963: result: yes
configure:2166: checking for style of include used by make
configure:2194: result: GNU
configure:2229: checking for i386-linux-g++
configure:2255: result: g++
configure:2313: checking for C++ compiler version
configure:2316: g++ --version </dev/null >&5
g++ (GCC) 3.2.2 20030222 (Red Hat Linux 3.2.2-5)
Copyright (C) 2002 Free Software Foundation, Inc.
This is free software; see the source for copying conditions.  There is NO
warranty; not even for MERCHANTABILITY or FITNESS FOR A PARTICULAR PURPOSE.

configure:2319: $? = 0
configure:2321: g++ -v </dev/null >&5
Reading specs from /usr/lib/gcc-lib/i386-redhat-linux/3.2.2/specs
Configured with: ../configure --prefix=/usr --mandir=/usr/share/man --infodir=/usr/share/info --enable-shared --enable-threads=posix --disable-checking --with-system-zlib --enable-__cxa_atexit --host=i386-redhat-linux
Thread model: posix
gcc version 3.2.2 20030222 (Red Hat Linux 3.2.2-5)
configure:2324: $? = 0
configure:2326: g++ -V </dev/null >&5
g++: argument to `-V' missing

configure:2329: $? = 1
configure:2332: checking whether we are using the GNU C++ compiler
configure:2357: g++ -c   conftest.cc >&5
configure:2360: $? = 0
configure:2363: test -s conftest.
configure:2366: $? = 1
configure: failed program was:
| #line 2337 "configure"
| /* confdefs.h.  */
| 
| #define PACKAGE_NAME ""
| #define PACKAGE_TARNAME ""
| #define PACKAGE_VERSION ""
| #define PACKAGE_STRING ""
| #define PACKAGE_BUGREPORT ""
| #define PACKAGE "term"
| #define VERSION "0.1"
| /* end confdefs.h.  */
| 
| int
| main ()
| {
| #ifndef __GNUC__
|        choke me
| #endif
| 
|   ;
|   return 0;
| }
configure:2379: result: no
configure:2385: checking whether g++ accepts -g
configure:2407: g++ -c -g  conftest.cc >&5
configure:2410: $? = 0
configure:2413: test -s conftest.
configure:2416: $? = 1
configure: failed program was:
| #line 2390 "configure"
| /* confdefs.h.  */
| 
| #define PACKAGE_NAME ""
| #define PACKAGE_TARNAME ""
| #define PACKAGE_VERSION ""
| #define PACKAGE_STRING ""
| #define PACKAGE_BUGREPORT ""
| #define PACKAGE "term"
| #define VERSION "0.1"
| /* end confdefs.h.  */
| 
| int
| main ()
| {
| 
|   ;
|   return 0;
| }
configure:2427: result: no
configure:2471: g++ -c   conftest.cc >&5
configure:2474: $? = 0
configure:2477: test -s conftest.
configure:2480: $? = 1
configure: failed program was:
| #line 2453 "configure"
| /* confdefs.h.  */
| 
| #define PACKAGE_NAME ""
| #define PACKAGE_TARNAME ""
| #define PACKAGE_VERSION ""
| #define PACKAGE_STRING ""
| #define PACKAGE_BUGREPORT ""
| #define PACKAGE "term"
| #define VERSION "0.1"
| /* end confdefs.h.  */
| #include <stdlib.h>
| 
| int
| main ()
| {
| exit (42);
|   ;
|   return 0;
| }
configure:2471: g++ -c   conftest.cc >&5
configure:2474: $? = 0
configure:2477: test -s conftest.
configure:2480: $? = 1
configure: failed program was:
| #line 2453 "configure"
| /* confdefs.h.  */
| 
| #define PACKAGE_NAME ""
| #define PACKAGE_TARNAME ""
| #define PACKAGE_VERSION ""
| #define PACKAGE_STRING ""
| #define PACKAGE_BUGREPORT ""
| #define PACKAGE "term"
| #define VERSION "0.1"
| /* end confdefs.h.  */
| #include <stdlib.h>
| #include <stdlib.h>
| int
| main ()
| {
| exit (42);
|   ;
|   return 0;
| }
configure:2471: g++ -c   conftest.cc >&5
configure:2474: $? = 0
configure:2477: test -s conftest.
configure:2480: $? = 1
configure: failed program was:
| #line 2453 "configure"
| /* confdefs.h.  */
| 
| #define PACKAGE_NAME ""
| #define PACKAGE_TARNAME ""
| #define PACKAGE_VERSION ""
| #define PACKAGE_STRING ""
| #define PACKAGE_BUGREPORT ""
| #define PACKAGE "term"
| #define VERSION "0.1"
| /* end confdefs.h.  */
| #include <stdlib.h>
| extern "C" void std::exit (int) throw (); using std::exit;
| int
| main ()
| {
| exit (42);
|   ;
|   return 0;
| }
configure:2471: g++ -c   conftest.cc >&5
configure:2474: $? = 0
configure:2477: test -s conftest.
configure:2480: $? = 1
configure: failed program was:
| #line 2453 "configure"
| /* confdefs.h.  */
| 
| #define PACKAGE_NAME ""
| #define PACKAGE_TARNAME ""
| #define PACKAGE_VERSION ""
| #define PACKAGE_STRING ""
| #define PACKAGE_BUGREPORT ""
| #define PACKAGE "term"
| #define VERSION "0.1"
| /* end confdefs.h.  */
| #include <stdlib.h>
| extern "C" void std::exit (int); using std::exit;
| int
| main ()
| {
| exit (42);
|   ;
|   return 0;
| }
configure:2471: g++ -c   conftest.cc >&5
configure:2474: $? = 0
configure:2477: test -s conftest.
configure:2480: $? = 1
configure: failed program was:
| #line 2453 "configure"
| /* confdefs.h.  */
| 
| #define PACKAGE_NAME ""
| #define PACKAGE_TARNAME ""
| #define PACKAGE_VERSION ""
| #define PACKAGE_STRING ""
| #define PACKAGE_BUGREPORT ""
| #define PACKAGE "term"
| #define VERSION "0.1"
| /* end confdefs.h.  */
| #include <stdlib.h>
| extern "C" void exit (int) throw ();
| int
| main ()
| {
| exit (42);
|   ;
|   return 0;
| }
configure:2471: g++ -c   conftest.cc >&5
configure:2474: $? = 0
configure:2477: test -s conftest.
configure:2480: $? = 1
configure: failed program was:
| #line 2453 "configure"
| /* confdefs.h.  */
| 
| #define PACKAGE_NAME ""
| #define PACKAGE_TARNAME ""
| #define PACKAGE_VERSION ""
| #define PACKAGE_STRING ""
| #define PACKAGE_BUGREPORT ""
| #define PACKAGE "term"
| #define VERSION "0.1"
| /* end confdefs.h.  */
| #include <stdlib.h>
| extern "C" void exit (int);
| int
| main ()
| {
| exit (42);
|   ;
|   return 0;
| }
configure:2471: g++ -c   conftest.cc >&5
configure:2474: $? = 0
configure:2477: test -s conftest.
configure:2480: $? = 1
configure: failed program was:
| #line 2453 "configure"
| /* confdefs.h.  */
| 
| #define PACKAGE_NAME ""
| #define PACKAGE_TARNAME ""
| #define PACKAGE_VERSION ""
| #define PACKAGE_STRING ""
| #define PACKAGE_BUGREPORT ""
| #define PACKAGE "term"
| #define VERSION "0.1"
| /* end confdefs.h.  */
| #include <stdlib.h>
| void exit (int);
| int
| main ()
| {
| exit (42);
|   ;
|   return 0;
| }
configure:2541: checking dependency style of g++
configure:2603: result: gcc3
configure:2667: checking for i386-linux-gcc
configure:2693: result: gcc
configure:2975: checking for C compiler version
configure:2978: gcc --version </dev/null >&5
gcc (GCC) 3.2.2 20030222 (Red Hat Linux 3.2.2-5)
Copyright (C) 2002 Free Software Foundation, Inc.
This is free software; see the source for copying conditions.  There is NO
warranty; not even for MERCHANTABILITY or FITNESS FOR A PARTICULAR PURPOSE.

configure:2981: $? = 0
configure:2983: gcc -v </dev/null >&5
Reading specs from /usr/lib/gcc-lib/i386-redhat-linux/3.2.2/specs
Configured with: ../configure --prefix=/usr --mandir=/usr/share/man --infodir=/usr/share/info --enable-shared --enable-threads=posix --disable-checking --with-system-zlib --enable-__cxa_atexit --host=i386-redhat-linux
Thread model: posix
gcc version 3.2.2 20030222 (Red Hat Linux 3.2.2-5)
configure:2986: $? = 0
configure:2988: gcc -V </dev/null >&5
gcc: argument to `-V' is missing
configure:2991: $? = 1
configure:3015: checking for C compiler default output
configure:3018: gcc   -O0 -g3 -Wall   -L../../triolnxlib conftest.c  >&5
configure:3021: $? = 0
configure:3067: result: a.out
configure:3072: checking whether the C compiler works
configure:3078: ./a.out
configure:3081: $? = 0
configure:3098: result: yes
configure:3105: checking whether we are cross compiling
configure:3107: result: no
configure:3110: checking for suffix of executables
configure:3112: gcc -o conftest   -O0 -g3 -Wall   -L../../triolnxlib conftest.c  >&5
configure:3115: $? = 0
configure:3140: result: 
configure:3146: checking for suffix of object files
configure:3168: gcc -c   -O0 -g3 -Wall   conftest.c >&5
configure:3171: $? = 0
configure:3193: result: o
configure:3197: checking whether we are using the GNU C compiler
configure:3222: gcc -c   -O0 -g3 -Wall   conftest.c >&5
configure:3225: $? = 0
configure:3228: test -s conftest.o
configure:3231: $? = 0
configure:3244: result: yes
configure:3250: checking whether gcc accepts -g
configure:3272: gcc -c -g  conftest.c >&5
configure:3275: $? = 0
configure:3278: test -s conftest.o
configure:3281: $? = 0
configure:3292: result: yes
configure:3309: checking for gcc option to accept ANSI C
configure:3370: gcc  -c   -O0 -g3 -Wall   conftest.c >&5
configure:3373: $? = 0
configure:3376: test -s conftest.o
configure:3379: $? = 0
configure:3397: result: none needed
configure:3415: gcc -c   -O0 -g3 -Wall   conftest.c >&5
conftest.c:2: parse error before "me"
configure:3418: $? = 1
configure: failed program was:
| #ifndef __cplusplus
|   choke me
| #endif
configure:3529: checking dependency style of gcc
configure:3591: result: gcc3
configure:3718: checking how to run the C preprocessor
configure:3836: result: cpp
configure:3861: cpp  conftest.c
configure:3867: $? = 0
configure:3899: cpp  conftest.c
configure:3903:28: ac_nonexistent.h: No such file or directory
configure:3905: $? = 1
configure: failed program was:
| #line 3890 "configure"
| /* confdefs.h.  */
| 
| #define PACKAGE_NAME ""
| #define PACKAGE_TARNAME ""
| #define PACKAGE_VERSION ""
| #define PACKAGE_STRING ""
| #define PACKAGE_BUGREPORT ""
| #define PACKAGE "term"
| #define VERSION "0.1"
| #ifdef __cplusplus
| void exit (int);
| #endif
| /* end confdefs.h.  */
| #include <ac_nonexistent.h>
configure:3982: checking whether g++ supports -frepo
configure:4019: rm -rf SunWS_cache; g++ -o conftest  -frepo  -L../../triolnxlib conftest.cc  1>&5
conftest.cc:1: warning: -frepo must be used with -c
configure:4022: $? = 0
configure:4025: test -s conftest
configure:4028: $? = 0
configure:4048: result: yes
configure:4283: checking for ld used by GCC
configure:4347: result: /usr/bin/ld
configure:4356: checking if the linker (/usr/bin/ld) is GNU ld
GNU ld version 2.13.90.0.18 20030206
configure:4368: result: yes
configure:4373: checking for /usr/bin/ld option to reload object files
configure:4380: result: -r
configure:4389: checking for BSD-compatible nm
configure:4424: result: nm
configure:4428: checking for a sed that does not truncate output
configure:4504: result: 
configure:4507: checking whether ln -s works
configure:4511: result: yes
configure:4518: checking how to recognise dependant libraries
configure:4705: result: pass_all
configure:4775: gcc -c -O2   -O0 -g3 -Wall   conftest.c >&5
configure:4778: $? = 0
configure:4864: checking for egrep
configure:4874: result: grep -E
configure:4879: checking for ANSI C header files
configure:4905: gcc -c -O2   -O0 -g3 -Wall   conftest.c >&5
configure:4908: $? = 0
configure:4911: test -s conftest.o
configure:4914: $? = 0
configure:5003: gcc -o conftest -O2   -O0 -g3 -Wall   -L../../triolnxlib conftest.c  >&5
configure: In function `main':
configure:5005: warning: implicit declaration of function `exit'
configure:5006: $? = 0
configure:5008: ./conftest
configure:5011: $? = 0
configure:5026: result: yes
configure:5050: checking for sys/types.h
configure:5067: gcc -c -O2   -O0 -g3 -Wall   conftest.c >&5
configure:5070: $? = 0
configure:5073: test -s conftest.o
configure:5076: $? = 0
configure:5087: result: yes
configure:5050: checking for sys/stat.h
configure:5067: gcc -c -O2   -O0 -g3 -Wall   conftest.c >&5
configure:5070: $? = 0
configure:5073: test -s conftest.o
configure:5076: $? = 0
configure:5087: result: yes
configure:5050: checking for stdlib.h
configure:5067: gcc -c -O2   -O0 -g3 -Wall   conftest.c >&5
configure:5070: $? = 0
configure:5073: test -s conftest.o
configure:5076: $? = 0
configure:5087: result: yes
configure:5050: checking for string.h
configure:5067: gcc -c -O2   -O0 -g3 -Wall   conftest.c >&5
configure:5070: $? = 0
configure:5073: test -s conftest.o
configure:5076: $? = 0
configure:5087: result: yes
configure:5050: checking for memory.h
configure:5067: gcc -c -O2   -O0 -g3 -Wall   conftest.c >&5
configure:5070: $? = 0
configure:5073: test -s conftest.o
configure:5076: $? = 0
configure:5087: result: yes
configure:5050: checking for strings.h
configure:5067: gcc -c -O2   -O0 -g3 -Wall   conftest.c >&5
configure:5070: $? = 0
configure:5073: test -s conftest.o
configure:5076: $? = 0
configure:5087: result: yes
configure:5050: checking for inttypes.h
configure:5067: gcc -c -O2   -O0 -g3 -Wall   conftest.c >&5
configure:5070: $? = 0
configure:5073: test -s conftest.o
configure:5076: $? = 0
configure:5087: result: yes
configure:5050: checking for stdint.h
configure:5067: gcc -c -O2   -O0 -g3 -Wall   conftest.c >&5
configure:5070: $? = 0
configure:5073: test -s conftest.o
configure:5076: $? = 0
configure:5087: result: yes
configure:5050: checking for unistd.h
configure:5067: gcc -c -O2   -O0 -g3 -Wall   conftest.c >&5
configure:5070: $? = 0
configure:5073: test -s conftest.o
configure:5076: $? = 0
configure:5087: result: yes
configure:5113: checking dlfcn.h usability
configure:5126: gcc -c -O2   -O0 -g3 -Wall   conftest.c >&5
configure:5129: $? = 0
configure:5132: test -s conftest.o
configure:5135: $? = 0
configure:5145: result: yes
configure:5149: checking dlfcn.h presence
configure:5160: cpp  conftest.c
configure:5166: $? = 0
configure:5185: result: yes
configure:5221: checking for dlfcn.h
configure:5228: result: yes
configure:5246: checking how to run the C++ preprocessor
configure:5278: g++ -E  conftest.cc
configure:5284: $? = 0
configure:5316: g++ -E  conftest.cc
configure:5332:28: ac_nonexistent.h: No such file or directory
configure:5322: $? = 1
configure: failed program was:
| #line 5307 "configure"
| /* confdefs.h.  */
| 
| #define PACKAGE_NAME ""
| #define PACKAGE_TARNAME ""
| #define PACKAGE_VERSION ""
| #define PACKAGE_STRING ""
| #define PACKAGE_BUGREPORT ""
| #define PACKAGE "term"
| #define VERSION "0.1"
| #ifdef __cplusplus
| void exit (int);
| #endif
| #define HAVE_TEMPLATE_REPOSITORY 1
| #define STDC_HEADERS 1
| #define HAVE_SYS_TYPES_H 1
| #define HAVE_SYS_STAT_H 1
| #define HAVE_STDLIB_H 1
| #define HAVE_STRING_H 1
| #define HAVE_MEMORY_H 1
| #define HAVE_STRINGS_H 1
| #define HAVE_INTTYPES_H 1
| #define HAVE_STDINT_H 1
| #define HAVE_UNISTD_H 1
| #define HAVE_DLFCN_H 1
| /* end confdefs.h.  */
| #include <ac_nonexistent.h>
configure:5360: result: g++ -E
configure:5385: g++ -E  conftest.cc
configure:5391: $? = 0
configure:5423: g++ -E  conftest.cc
configure:5439:28: ac_nonexistent.h: No such file or directory
configure:5429: $? = 1
configure: failed program was:
| #line 5414 "configure"
| /* confdefs.h.  */
| 
| #define PACKAGE_NAME ""
| #define PACKAGE_TARNAME ""
| #define PACKAGE_VERSION ""
| #define PACKAGE_STRING ""
| #define PACKAGE_BUGREPORT ""
| #define PACKAGE "term"
| #define VERSION "0.1"
| #ifdef __cplusplus
| void exit (int);
| #endif
| #define HAVE_TEMPLATE_REPOSITORY 1
| #define STDC_HEADERS 1
| #define HAVE_SYS_TYPES_H 1
| #define HAVE_SYS_STAT_H 1
| #define HAVE_STDLIB_H 1
| #define HAVE_STRING_H 1
| #define HAVE_MEMORY_H 1
| #define HAVE_STRINGS_H 1
| #define HAVE_INTTYPES_H 1
| #define HAVE_STDINT_H 1
| #define HAVE_UNISTD_H 1
| #define HAVE_DLFCN_H 1
| /* end confdefs.h.  */
| #include <ac_nonexistent.h>
configure:5475: checking the maximum length of command line arguments
configure:5523: result: 32768
configure:5534: checking command to parse nm output from gcc object
configure:5619: g++ -c   conftest.cc >&5
configure:5622: $? = 0
configure:5626: nm conftest.o \| sed -n -e 's/^.*[ 	]\([ABCDGISTW][ABCDGISTW]*\)[ 	][ 	]*\(\)\([_A-Za-z][_A-Za-z0-9]*\)$/\1 \2\3 \3/p' \> conftest.nm
configure:5629: $? = 0
configure:5681: g++ -o conftest   -L../../triolnxlib conftest.cc conftstm.o >&5
configure:5684: $? = 0
configure:5722: result: ok
configure:5726: checking for objdir
configure:5741: result: .libs
configure:5793: checking for i386-linux-ranlib
configure:5822: result: no
configure:5831: checking for ranlib
configure:5847: found /usr/bin/ranlib
configure:5858: result: ranlib
configure:5873: checking for i386-linux-strip
configure:5902: result: no
configure:5911: checking for strip
configure:5927: found /usr/bin/strip
configure:5938: result: strip
configure:6201: checking if gcc static flag  works
conftest.c:1: warning: return type defaults to `int'
configure:6224: result: no
configure:6241: checking if gcc supports -fno-rtti -fno-exceptions
configure:6265: result: yes
configure:6280: checking for gcc option to produce PIC
configure:6433: result: -fPIC
configure:6440: checking if gcc PIC flag -fPIC works
configure:6464: result: yes
configure:6488: checking if gcc supports -c -o file.o
configure:6529: result: yes
configure:6555: checking whether the gcc linker (/usr/bin/ld) supports shared libraries
configure:7338: result: yes
configure:7360: checking whether -lc should be explicitly linked in
configure:7365: gcc -c -O2   -O0 -g3 -Wall   conftest.c >&5
conftest.c:1: warning: `dummy' defined but not used
configure:7368: $? = 0
configure:7382: gcc -shared conftest.o  -v -Wl,-soname -Wl,conftest -o conftest 2\>\&1 \| grep  -lc  \>/dev/null 2\>\&1
configure:7385: $? = 0
configure:7397: result: no
configure:7403: checking how to hardcode library paths into programs
configure:7427: result: immediate
configure:7441: checking whether stripping libraries is possible
configure:7446: result: yes
configure:7453: checking dynamic linker characteristics
configure:7904: result: GNU/Linux ld.so
configure:8557: checking if libtool supports shared libraries
configure:8559: result: yes
configure:8562: checking whether to build shared libraries
configure:8583: result: yes
configure:8586: checking whether to build static libraries
configure:8590: result: no
configure:8669: creating libtool
configure:9394: checking whether the g++ linker (/usr/bin/ld) supports shared libraries
configure:10049: result: yes
configure:10066: g++ -c   conftest.cc >&5
configure:10069: $? = 0
configure:10169: checking for g++ option to produce PIC
configure:10405: result: 
configure:10460: checking if g++ supports -c -o file.o
configure:10501: result: yes
configure:10527: checking whether the g++ linker (/usr/bin/ld) supports shared libraries
configure:10549: result: yes
configure:10614: checking how to hardcode library paths into programs
configure:10638: result: immediate
configure:10652: checking whether stripping libraries is possible
configure:10657: result: yes
configure:10664: checking dynamic linker characteristics
configure:11115: result: GNU/Linux ld.so
configure:12184: checking if gcj supports -fno-rtti -fno-exceptions
configure:12208: result: yes
configure:12223: checking for gcj option to produce PIC
configure:12376: result: -fPIC
configure:12383: checking if gcj PIC flag -fPIC works
configure:12407: result: no
configure:12431: checking if gcj supports -c -o file.o
configure:12472: result: no
configure:12498: checking whether the gcj linker (/usr/bin/ld) supports shared libraries
configure:13281: result: no
configure:13346: checking how to hardcode library paths into programs
configure:13370: result: immediate
configure:13384: checking whether stripping libraries is possible
configure:13389: result: yes
configure:13396: checking dynamic linker characteristics
configure:13847: result: GNU/Linux ld.so
configure:15356: checking the maximum length of command line arguments
configure:15404: result: 32768
configure:15415: checking command to parse nm output from gcj object
configure:15603: result: ok
configure:15607: checking for objdir
configure:15622: result: .libs
configure:15674: checking for i386-linux-ranlib
configure:15700: result: ranlib
configure:15754: checking for i386-linux-strip
configure:15780: result: strip
configure:16082: checking if gcc static flag -static works
configure:16105: result: no
configure:16122: checking if gcc supports -fno-rtti -fno-exceptions
configure:16146: result: yes
configure:16161: checking for gcc option to produce PIC
configure:16314: result: -fPIC
configure:16321: checking if gcc PIC flag -fPIC works
configure:16345: result: yes
configure:16369: checking if gcc supports -c -o file.o
configure:16410: result: yes
configure:16436: checking whether the gcc linker (/usr/bin/ld) supports shared libraries
configure:17219: result: yes
configure:17241: checking whether -lc should be explicitly linked in
configure:17246: gcc -c -O2   -O0 -g3 -Wall   conftest.c >&5
conftest.c:1: warning: `dummy' defined but not used
configure:17249: $? = 0
configure:17263: gcc -shared conftest.o  -v -Wl,-soname -Wl,conftest -o conftest 2\>\&1 \| grep  -lc  \>/dev/null 2\>\&1
configure:17266: $? = 0
configure:17278: result: no
configure:17284: checking how to hardcode library paths into programs
configure:17308: result: immediate
configure:17322: checking whether stripping libraries is possible
configure:17327: result: yes
configure:17334: checking dynamic linker characteristics
configure:17785: result: GNU/Linux ld.so
configure:18438: checking if libtool supports shared libraries
configure:18440: result: yes
configure:18443: checking whether to build shared libraries
configure:18464: result: yes
configure:18467: checking whether to build static libraries
configure:18471: result: no
configure:18550: creating libtool
configure:19275: checking whether the g++ linker (/usr/bin/ld) supports shared libraries
configure:19930: result: yes
configure:19947: g++ -c   conftest.cc >&5
configure:19950: $? = 0
configure:20050: checking for g++ option to produce PIC
configure:20286: result: 
configure:20341: checking if g++ supports -c -o file.o
configure:20382: result: yes
configure:20408: checking whether the g++ linker (/usr/bin/ld) supports shared libraries
configure:20430: result: yes
configure:20495: checking how to hardcode library paths into programs
configure:20519: result: immediate
configure:20533: checking whether stripping libraries is possible
configure:20538: result: yes
configure:20545: checking dynamic linker characteristics
configure:20996: result: GNU/Linux ld.so
configure:22065: checking if gcj supports -fno-rtti -fno-exceptions
configure:22089: result: yes
configure:22104: checking for gcj option to produce PIC
configure:22257: result: -fPIC
configure:22264: checking if gcj PIC flag -fPIC works
configure:22288: result: no
configure:22312: checking if gcj supports -c -o file.o
configure:22353: result: no
configure:22379: checking whether the gcj linker (/usr/bin/ld) supports shared libraries
configure:23162: result: no
configure:23227: checking how to hardcode library paths into programs
configure:23251: result: immediate
configure:23265: checking whether stripping libraries is possible
configure:23270: result: yes
configure:23277: checking dynamic linker characteristics
configure:23728: result: GNU/Linux ld.so
configure:25198: checking for extra includes
configure:25226: result: no
configure:25230: checking for extra libs
configure:25259: result: no
configure:25290: checking if term should be compiled
configure:25302: result: yes
configure:25425: creating ./config.status

## ---------------- ##
## Cache variables. ##
## ---------------- ##

ac_cv_build=i386-pc-linux-gnu
ac_cv_build_alias=i386-linux
ac_cv_c_compiler_gnu=yes
ac_cv_cxx_compiler_gnu=no
ac_cv_env_CC_set=set
ac_cv_env_CC_value=gcc
ac_cv_env_CFLAGS_set=set
ac_cv_env_CFLAGS_value=' -O0 -g3 -Wall '
ac_cv_env_CPPFLAGS_set=set
ac_cv_env_CPPFLAGS_value=
ac_cv_env_CPP_set=set
ac_cv_env_CPP_value=cpp
ac_cv_env_CXXCPP_set=
ac_cv_env_CXXCPP_value=
ac_cv_env_CXXFLAGS_set=
ac_cv_env_CXXFLAGS_value=
ac_cv_env_CXX_set=set
ac_cv_env_CXX_value=g++
ac_cv_env_LDFLAGS_set=set
ac_cv_env_LDFLAGS_value=-L../../triolnxlib
ac_cv_env_build_alias_set=set
ac_cv_env_build_alias_value=i386-linux
ac_cv_env_host_alias_set=set
ac_cv_env_host_alias_value=i386-linux
ac_cv_env_target_alias_set=set
ac_cv_env_target_alias_value=i386-linux
ac_cv_exeext=
ac_cv_header_dlfcn_h=yes
ac_cv_header_inttypes_h=yes
ac_cv_header_memory_h=yes
ac_cv_header_stdc=yes
ac_cv_header_stdint_h=yes
ac_cv_header_stdlib_h=yes
ac_cv_header_string_h=yes
ac_cv_header_strings_h=yes
ac_cv_header_sys_stat_h=yes
ac_cv_header_sys_types_h=yes
ac_cv_header_unistd_h=yes
ac_cv_host=i386-pc-linux-gnu
ac_cv_host_alias=i386-linux
ac_cv_objext=o
ac_cv_path_install='/usr/bin/install -c'
ac_cv_prog_AWK=gawk
ac_cv_prog_CC=gcc
ac_cv_prog_CPP=cpp
ac_cv_prog_CXX=g++
ac_cv_prog_CXXCPP='g++ -E'
ac_cv_prog_RANLIB=ranlib
ac_cv_prog_STRIP=strip
ac_cv_prog_ac_ct_RANLIB=ranlib
ac_cv_prog_ac_ct_STRIP=strip
ac_cv_prog_cc_g=yes
ac_cv_prog_cc_stdc=
ac_cv_prog_cxx_g=no
ac_cv_prog_egrep='grep -E'
ac_cv_prog_make_make_set=yes
ac_cv_target=i386-pc-linux-gnu
ac_cv_target_alias=i386-linux
am_cv_CC_dependencies_compiler_type=gcc3
am_cv_CXX_dependencies_compiler_type=gcc3
kde_cv_prog_cxx_frepo=yes
lt_cv_deplibs_check_method=pass_all
lt_cv_file_magic_cmd='$MAGIC_CMD'
lt_cv_file_magic_test_file='/lib/libc.so.6 /lib/libc-2.3.2.so'
lt_cv_ld_reload_flag=-r
lt_cv_objdir=.libs
lt_cv_path_LD=/usr/bin/ld
lt_cv_path_NM=nm
lt_cv_path_SED=/bin/sed
lt_cv_prog_compiler_c_o=yes
lt_cv_prog_compiler_c_o_CXX=yes
lt_cv_prog_compiler_c_o_GCJ=no
lt_cv_prog_compiler_rtti_exceptions=yes
lt_cv_prog_gnu_ld=yes
lt_cv_sys_global_symbol_pipe='sed -n -e '\''s/^.*[ 	]\([ABCDGISTW][ABCDGISTW]*\)[ 	][ 	]*\(\)\([_A-Za-z][_A-Za-z0-9]*\)$/\1 \2\3 \3/p'\'''
lt_cv_sys_global_symbol_to_c_name_address='sed -n -e '\''s/^: \([^ ]*\) $/  {\"\1\", (lt_ptr) 0},/p'\'' -e '\''s/^[BCDEGRST] \([^ ]*\) \([^ ]*\)$/  {"\2", (lt_ptr) \&\2},/p'\'''
lt_cv_sys_global_symbol_to_cdecl='sed -n -e '\''s/^. .* \(.*\)$/extern int \1;/p'\'''
lt_cv_sys_max_cmd_len=32768
lt_lt_cv_prog_compiler_c_o='"yes"'
lt_lt_cv_prog_compiler_c_o_CXX='"yes"'
lt_lt_cv_prog_compiler_c_o_GCJ='"no"'
lt_lt_cv_sys_global_symbol_pipe='"sed -n -e '\''s/^.*[ 	]\\([ABCDGISTW][ABCDGISTW]*\\)[ 	][ 	]*\\(\\)\\([_A-Za-z][_A-Za-z0-9]*\\)\$/\\1 \\2\\3 \\3/p'\''"'
lt_lt_cv_sys_global_symbol_to_c_name_address='"sed -n -e '\''s/^: \\([^ ]*\\) \$/  {\\\"\\1\\\", (lt_ptr) 0},/p'\'' -e '\''s/^[BCDEGRST] \\([^ ]*\\) \\([^ ]*\\)\$/  {\"\\2\", (lt_ptr) \\&\\2},/p'\''"'
lt_lt_cv_sys_global_symbol_to_cdecl='"sed -n -e '\''s/^. .* \\(.*\\)\$/extern int \\1;/p'\''"'

## ----------------- ##
## Output variables. ##
## ----------------- ##

ACLOCAL='${SHELL} /home/lms/sandbox/trio/term/admin/missing --run aclocal-1.6'
AMDEPBACKSLASH='\'
AMDEP_FALSE='#'
AMDEP_TRUE=''
AMTAR='${SHELL} /home/lms/sandbox/trio/term/admin/missing --run tar'
AUTOCONF='${SHELL} /home/lms/sandbox/trio/term/admin/missing --run autoconf'
AUTODIRS=''
AUTOHEADER='${SHELL} /home/lms/sandbox/trio/term/admin/missing --run autoheader'
AUTOMAKE='${SHELL} /home/lms/sandbox/trio/term/admin/missing --run automake-1.6'
AWK='gawk'
CC='gcc'
CCDEPMODE='depmode=gcc3'
CFLAGS='-O2   -O0 -g3 -Wall '
CONF_FILES=' $(top_srcdir)/configure.in.in'
CPP='cpp'
CPPFLAGS=''
CXX='g++'
CXXCPP='g++ -E'
CXXDEPMODE='depmode=gcc3'
CXXFLAGS=''
DEFS='-DHAVE_CONFIG_H'
DEPDIR='.deps'
ECHO='echo'
ECHO_C=''
ECHO_N='-n'
ECHO_T=''
EGREP='grep -E'
EXEEXT=''
INSTALL_DATA='${INSTALL} -m 644'
INSTALL_PROGRAM='${INSTALL} $(INSTALL_STRIP_FLAG)'
INSTALL_SCRIPT='${INSTALL}'
INSTALL_STRIP_PROGRAM='${SHELL} $(install_sh) -c -s'
KDE_CXXFLAGS=''
KDE_USE_CLOSURE_FALSE='#'
KDE_USE_CLOSURE_TRUE=''
KDE_USE_FINAL_FALSE=''
KDE_USE_FINAL_TRUE='#'
LDFLAGS='-L../../triolnxlib'
LIBOBJS=''
LIBS=''
LIBTOOL='$(SHELL) $(top_builddir)/libtool --silent'
LN_S='ln -s'
LTLIBOBJS=''
MAKEINFO='${SHELL} /home/lms/sandbox/trio/term/admin/missing --run makeinfo'
NOOPT_CFLAGS=' -g3 -Wall'
NOREPO='-fno-repo'
OBJEXT='o'
PACKAGE='term'
PACKAGE_BUGREPORT=''
PACKAGE_NAME=''
PACKAGE_STRING=''
PACKAGE_TARNAME=''
PACKAGE_VERSION=''
PATH_SEPARATOR=':'
RANLIB='ranlib'
REPO='-frepo'
SET_MAKE=''
SHELL='/bin/sh'
STRIP='strip'
TOPSUBDIRS=' term'
USER_INCLUDES=''
USER_LDFLAGS=''
USE_EXCEPTIONS=''
USE_RTTI=''
VERSION='0.1'
ac_ct_CC=''
ac_ct_CXX=''
ac_ct_RANLIB='ranlib'
ac_ct_STRIP='strip'
all_includes=' '
all_libraries=' '
am__include='include'
am__quote=''
bindir='${exec_prefix}/bin'
build='i386-pc-linux-gnu'
build_alias='i386-linux'
build_cpu='i386'
build_os='linux-gnu'
build_vendor='pc'
datadir='${prefix}/share'
exec_prefix='${prefix}'
host='i386-pc-linux-gnu'
host_alias='i386-linux'
host_cpu='i386'
host_os='linux-gnu'
host_vendor='pc'
includedir='${prefix}/include'
infodir='${prefix}/info'
install_sh='/home/lms/sandbox/trio/term/admin/install-sh'
libdir='${exec_prefix}/lib'
libexecdir='${exec_prefix}/libexec'
localstatedir='${prefix}/var'
mandir='${prefix}/man'
oldincludedir='/usr/include'
prefix='/usr/local'
program_transform_name='s,^,i386-linux-,'
sbindir='${exec_prefix}/sbin'
sharedstatedir='${prefix}/com'
sysconfdir='${prefix}/etc'
target='i386-pc-linux-gnu'
target_alias='i386-linux'
target_cpu='i386'
target_os='linux-gnu'
target_vendor='pc'

## ----------- ##
## confdefs.h. ##
## ----------- ##

#define HAVE_DLFCN_H 1
#define HAVE_INTTYPES_H 1
#define HAVE_MEMORY_H 1
#define HAVE_STDINT_H 1
#define HAVE_STDLIB_H 1
#define HAVE_STRINGS_H 1
#define HAVE_STRING_H 1
#define HAVE_SYS_STAT_H 1
#define HAVE_SYS_TYPES_H 1
#define HAVE_TEMPLATE_REPOSITORY 1
#define HAVE_UNISTD_H 1
#define PACKAGE "term"
#define PACKAGE_BUGREPORT ""
#define PACKAGE_NAME ""
#define PACKAGE_STRING ""
#define PACKAGE_TARNAME ""
#define PACKAGE_VERSION ""
#define STDC_HEADERS 1
#define VERSION "0.1"
#endif
#ifdef __cplusplus
void exit (int);

configure: exit 0

## ---------------------- ##
## Running config.status. ##
## ---------------------- ##

This file was extended by config.status, which was
generated by GNU Autoconf 2.57.  Invocation command line was

  CONFIG_FILES    = 
  CONFIG_HEADERS  = config.h
  CONFIG_LINKS    = 
  CONFIG_COMMANDS = 
  $ ./config.status 

on mpn-lms

config.status:794: creating config.h
config.status:903: config.h is unchanged
config.status:1009: executing depfiles commands

## ---------------------- ##
## Running config.status. ##
## ---------------------- ##

This file was extended by config.status, which was
generated by GNU Autoconf 2.57.  Invocation command line was

  CONFIG_FILES    = Makefile
  CONFIG_HEADERS  = 
  CONFIG_LINKS    = 
  CONFIG_COMMANDS = 
  $ ./config.status 

on mpn-lms

config.status:690: creating Makefile
config.status:1009: executing depfiles commands

## ---------------------- ##
## Running config.status. ##
## ---------------------- ##

This file was extended by config.status, which was
generated by GNU Autoconf 2.57.  Invocation command line was

  CONFIG_FILES    = term/Makefile
  CONFIG_HEADERS  = 
  CONFIG_LINKS    = 
  CONFIG_COMMANDS = 
  $ ./config.status 

on mpn-lms

config.status:690: creating term/Makefile
config.status:1009: executing depfiles commands

## ---------------------- ##
## Running config.status. ##
## ---------------------- ##

This file was extended by config.status, which was
generated by GNU Autoconf 2.57.  Invocation command line was

  CONFIG_FILES    = term/docs/Makefile
  CONFIG_HEADERS  = 
  CONFIG_LINKS    = 
  CONFIG_COMMANDS = 
  $ ./config.status 

on mpn-lms

config.status:690: creating term/docs/Makefile
config.status:1009: executing depfiles commands

## ---------------------- ##
## Running config.status. ##
## ---------------------- ##

This file was extended by config.status, which was
generated by GNU Autoconf 2.57.  Invocation command line was

  CONFIG_FILES    = term/docs/en/Makefile
  CONFIG_HEADERS  = 
  CONFIG_LINKS    = 
  CONFIG_COMMANDS = 
  $ ./config.status 

on mpn-lms

config.status:690: creating term/docs/en/Makefile
config.status:1009: executing depfiles commands

## ---------------------- ##
## Running config.status. ##
## ---------------------- ##

This file was extended by config.status, which was
generated by GNU Autoconf 2.57.  Invocation command line was

  CONFIG_FILES    = 
  CONFIG_HEADERS  = 
  CONFIG_LINKS    = 
  CONFIG_COMMANDS = 
  $ ./config.status Makefile

on mpn-lms

config.status:690: creating Makefile

## ---------------------- ##
## Running config.status. ##
## ---------------------- ##

This file was extended by config.status, which was
generated by GNU Autoconf 2.57.  Invocation command line was

  CONFIG_FILES    = 
  CONFIG_HEADERS  = 
  CONFIG_LINKS    = 
  CONFIG_COMMANDS = 
  $ ./config.status Makefile

on mpn-lms

config.status:690: creating Makefile

## ---------------------- ##
## Running config.status. ##
## ---------------------- ##

This file was extended by config.status, which was
generated by GNU Autoconf 2.57.  Invocation command line was

  CONFIG_FILES    = term/Makefile
  CONFIG_HEADERS  = 
  CONFIG_LINKS    = 
  CONFIG_COMMANDS = 
  $ ./config.status 

on mpn-lms

config.status:690: creating term/Makefile
config.status:1009: executing depfiles commands

## ---------------------- ##
## Running config.status. ##
## ---------------------- ##

This file was extended by config.status, which was
generated by GNU Autoconf 2.57.  Invocation command line was

  CONFIG_FILES    = term/docs/Makefile
  CONFIG_HEADERS  = 
  CONFIG_LINKS    = 
  CONFIG_COMMANDS = 
  $ ./config.status 

on mpn-lms

config.status:690: creating term/docs/Makefile
config.status:1009: executing depfiles commands

## ---------------------- ##
## Running config.status. ##
## ---------------------- ##

This file was extended by config.status, which was
generated by GNU Autoconf 2.57.  Invocation command line was

  CONFIG_FILES    = term/docs/en/Makefile
  CONFIG_HEADERS  = 
  CONFIG_LINKS    = 
  CONFIG_COMMANDS = 
  $ ./config.status 

on mpn-lms

config.status:690: creating term/docs/en/Makefile
config.status:1009: executing depfiles commands

## ---------------------- ##
## Running config.status. ##
## ---------------------- ##

This file was extended by config.status, which was
generated by GNU Autoconf 2.57.  Invocation command line was

  CONFIG_FILES    = 
  CONFIG_HEADERS  = 
  CONFIG_LINKS    = 
  CONFIG_COMMANDS = 
  $ ./config.status Makefile

on mpn-lms

config.status:690: creating Makefile

## ---------------------- ##
## Running config.status. ##
## ---------------------- ##

This file was extended by config.status, which was
generated by GNU Autoconf 2.57.  Invocation command line was

  CONFIG_FILES    = 
  CONFIG_HEADERS  = 
  CONFIG_LINKS    = 
  CONFIG_COMMANDS = 
  $ ./config.status Makefile

on mpn-lms

config.status:690: creating Makefile

## ---------------------- ##
## Running config.status. ##
## ---------------------- ##

This file was extended by config.status, which was
generated by GNU Autoconf 2.57.  Invocation command line was

  CONFIG_FILES    = 
  CONFIG_HEADERS  = 
  CONFIG_LINKS    = 
  CONFIG_COMMANDS = 
  $ ./config.status Makefile

on MPN-THN

config.status:690: creating Makefile
